<?xml version="1.0" encoding="UTF-8"?>
<testsuite xmlns:xsi="http://www.w3.org/2001/XMLSchema-instance" xsi:noNamespaceSchemaLocation="https://maven.apache.org/surefire/maven-surefire-plugin/xsd/surefire-test-report-3.0.xsd" version="3.0" name="com.cbp.account.application.service.AccountServiceTest$ProcessTransferRequestTests" time="0.015" tests="3" errors="0" skipped="0" failures="0">
  <properties>
[...]
</properties>
  <testcase name="shouldCompleteTransferSuccessfully" classname="com.cbp.account.application.service.AccountServiceTest$ProcessTransferRequestTests" time="0.01">
    <system-out><![CDATA[08:28:40.758 [main] INFO com.cbp.account.application.service.AccountService -- Processing transfer saga: transferId=7ced0808-8c70-423a-bcef-ffe8d23ae322, from=0578f639-65d3-4185-b3f4-bc18f680c94b, to=0c43e942-9253-479a-a4c6-b5b6d2a8429c, amount=100.00
08:28:40.761 [main] INFO com.cbp.account.application.service.AccountService -- Transfer saga completed successfully: transferId=7ced0808-8c70-423a-bcef-ffe8d23ae322
]]></system-out>
  </testcase>
  <testcase name="shouldPublishFailedEventWhenSourceNotFound" classname="com.cbp.account.application.service.AccountServiceTest$ProcessTransferRequestTests" time="0.001">
    <system-out><![CDATA[08:28:40.766 [main] INFO com.cbp.account.application.service.AccountService -- Processing transfer saga: transferId=0b1121e4-12f6-42ee-b251-d65b80a3ae21, from=c40014f6-3d27-4982-bcab-9e101a26d80e, to=d36f1c13-a746-483d-8f9c-4e0aeedba670, amount=100.00
08:28:40.767 [main] WARN com.cbp.account.application.service.AccountService -- Transfer saga failed: transferId=0b1121e4-12f6-42ee-b251-d65b80a3ae21, reason=Source account not found: c40014f6-3d27-4982-bcab-9e101a26d80e
]]></system-out>
  </testcase>
  <testcase name="shouldPublishFailedEventOnInsufficientFunds" classname="com.cbp.account.application.service.AccountServiceTest$ProcessTransferRequestTests" time="0.002">
    <system-out><![CDATA[08:28:40.769 [main] INFO com.cbp.account.application.service.AccountService -- Processing transfer saga: transferId=f2470d82-9683-434c-8170-5650fd6914f8, from=303cd2bf-3eef-4453-b7d0-1ae9b9a06299, to=c64aaf60-b317-4556-8bc4-1e964721ba33, amount=500.00
08:28:40.769 [main] WARN com.cbp.account.application.service.AccountService -- Transfer saga failed: transferId=f2470d82-9683-434c-8170-5650fd6914f8, reason=Insufficient funds. Available: 10.00 USD, Requested: 500.00
]]></system-out>
  </testcase>
</testsuite>