<?xml version="1.0" encoding="UTF-8"?>
<testsuite xmlns:xsi="http://www.w3.org/2001/XMLSchema-instance" xsi:noNamespaceSchemaLocation="https://maven.apache.org/surefire/maven-surefire-plugin/xsd/surefire-test-report-3.0.xsd" version="3.0" name="com.cbp.gateway.ApiGatewayApplicationTest" time="2.001" tests="1" errors="0" skipped="0" failures="0">
  <properties>
[...]
</properties>
  <testcase name="contextLoads" classname="com.cbp.gateway.ApiGatewayApplicationTest" time="0.31">
    <system-out><![CDATA[08:28:35.155 [main] INFO org.springframework.test.context.support.AnnotationConfigContextLoaderUtils -- Could not detect default configuration classes for test class [com.cbp.gateway.ApiGatewayApplicationTest]: ApiGatewayApplicationTest does not declare any static, non-private, non-final, nested classes annotated with @Configuration.
08:28:35.201 [main] INFO org.springframework.boot.test.context.SpringBootTestContextBootstrapper -- Found @SpringBootConfiguration com.cbp.gateway.ApiGatewayApplication for test class com.cbp.gateway.ApiGatewayApplicationTest

  .   ____          _            __ _ _
 /\\ / ___'_ __ _ _(_)_ __  __ _ \ \ \ \
( ( )\___ | '_ | '_| | '_ \/ _` | \ \ \ \
 \\/  ___)| |_)| | | | | || (_| |  ) ) ) )
  '  |____| .__|_| |_|_| |_\__, | / / / /
 =========|_|==============|___/=/_/_/_/

 :: Spring Boot ::                (v3.3.4)

2026-03-09T08:28:35.448-03:00  INFO [api-gateway,,] 59365 --- [api-gateway] [           main] [                                                 ] c.cbp.gateway.ApiGatewayApplicationTest  : Starting ApiGatewayApplicationTest using Java 25.0.2 with PID 59365 (started by fabian in /Users/fabian/Documents/CodeProjects/github.com/fabiankaraben/core-banking-platform/api-gateway)
2026-03-09T08:28:35.449-03:00 DEBUG [api-gateway,,] 59365 --- [api-gateway] [           main] [                                                 ] c.cbp.gateway.ApiGatewayApplicationTest  : Running with Spring Boot v3.3.4, Spring v6.1.13
2026-03-09T08:28:35.449-03:00  INFO [api-gateway,,] 59365 --- [api-gateway] [           main] [                                                 ] c.cbp.gateway.ApiGatewayApplicationTest  : The following 1 profile is active: "test"
2026-03-09T08:28:35.821-03:00  INFO [api-gateway,,] 59365 --- [api-gateway] [           main] [                                                 ] .s.d.r.c.RepositoryConfigurationDelegate : Multiple Spring Data modules found, entering strict repository configuration mode
2026-03-09T08:28:35.822-03:00  INFO [api-gateway,,] 59365 --- [api-gateway] [           main] [                                                 ] .s.d.r.c.RepositoryConfigurationDelegate : Bootstrapping Spring Data Redis repositories in DEFAULT mode.
2026-03-09T08:28:35.833-03:00  INFO [api-gateway,,] 59365 --- [api-gateway] [           main] [                                                 ] .s.d.r.c.RepositoryConfigurationDelegate : Finished Spring Data repository scanning in 4 ms. Found 0 Redis repository interfaces.
2026-03-09T08:28:35.901-03:00  INFO [api-gateway,,] 59365 --- [api-gateway] [           main] [                                                 ] o.s.cloud.context.scope.GenericScope     : BeanFactory id=d599f1aa-80e6-3b44-918c-67d5e51c7c6a
2026-03-09T08:28:36.073-03:00 ERROR [api-gateway,,] 59365 --- [api-gateway] [           main] [                                                 ] i.n.r.d.DnsServerAddressStreamProviders  : Unable to load io.netty.resolver.dns.macos.MacOSDnsServerAddressStreamProvider, fallback to system defaults. This may result in incorrect DNS resolutions on MacOS. Check whether you have a dependency on 'io.netty:netty-resolver-dns-native-macos'. Use DEBUG level to see the full stack: java.lang.UnsatisfiedLinkError: failed to load the required native library
2026-03-09T08:28:36.431-03:00  INFO [api-gateway,,] 59365 --- [api-gateway] [           main] [                                                 ] o.s.c.g.r.RouteDefinitionRouteLocator    : Loaded RoutePredicateFactory [After]
2026-03-09T08:28:36.431-03:00  INFO [api-gateway,,] 59365 --- [api-gateway] [           main] [                                                 ] o.s.c.g.r.RouteDefinitionRouteLocator    : Loaded RoutePredicateFactory [Before]
2026-03-09T08:28:36.432-03:00  INFO [api-gateway,,] 59365 --- [api-gateway] [           main] [                                                 ] o.s.c.g.r.RouteDefinitionRouteLocator    : Loaded RoutePredicateFactory [Between]
2026-03-09T08:28:36.432-03:00  INFO [api-gateway,,] 59365 --- [api-gateway] [           main] [                                                 ] o.s.c.g.r.RouteDefinitionRouteLocator    : Loaded RoutePredicateFactory [Cookie]
2026-03-09T08:28:36.432-03:00  INFO [api-gateway,,] 59365 --- [api-gateway] [           main] [                                                 ] o.s.c.g.r.RouteDefinitionRouteLocator    : Loaded RoutePredicateFactory [Header]
2026-03-09T08:28:36.432-03:00  INFO [api-gateway,,] 59365 --- [api-gateway] [           main] [                                                 ] o.s.c.g.r.RouteDefinitionRouteLocator    : Loaded RoutePredicateFactory [Host]
2026-03-09T08:28:36.432-03:00  INFO [api-gateway,,] 59365 --- [api-gateway] [           main] [                                                 ] o.s.c.g.r.RouteDefinitionRouteLocator    : Loaded RoutePredicateFactory [Method]
2026-03-09T08:28:36.432-03:00  INFO [api-gateway,,] 59365 --- [api-gateway] [           main] [                                                 ] o.s.c.g.r.RouteDefinitionRouteLocator    : Loaded RoutePredicateFactory [Path]
2026-03-09T08:28:36.432-03:00  INFO [api-gateway,,] 59365 --- [api-gateway] [           main] [                                                 ] o.s.c.g.r.RouteDefinitionRouteLocator    : Loaded RoutePredicateFactory [Query]
2026-03-09T08:28:36.432-03:00  INFO [api-gateway,,] 59365 --- [api-gateway] [           main] [                                                 ] o.s.c.g.r.RouteDefinitionRouteLocator    : Loaded RoutePredicateFactory [ReadBody]
2026-03-09T08:28:36.432-03:00  INFO [api-gateway,,] 59365 --- [api-gateway] [           main] [                                                 ] o.s.c.g.r.RouteDefinitionRouteLocator    : Loaded RoutePredicateFactory [RemoteAddr]
2026-03-09T08:28:36.432-03:00  INFO [api-gateway,,] 59365 --- [api-gateway] [           main] [                                                 ] o.s.c.g.r.RouteDefinitionRouteLocator    : Loaded RoutePredicateFactory [XForwardedRemoteAddr]
2026-03-09T08:28:36.432-03:00  INFO [api-gateway,,] 59365 --- [api-gateway] [           main] [                                                 ] o.s.c.g.r.RouteDefinitionRouteLocator    : Loaded RoutePredicateFactory [Weight]
2026-03-09T08:28:36.432-03:00  INFO [api-gateway,,] 59365 --- [api-gateway] [           main] [                                                 ] o.s.c.g.r.RouteDefinitionRouteLocator    : Loaded RoutePredicateFactory [CloudFoundryRouteService]
2026-03-09T08:28:36.507-03:00  INFO [api-gateway,,] 59365 --- [api-gateway] [           main] [                                                 ] o.s.b.a.e.web.EndpointLinksResolver      : Exposing 3 endpoints beneath base path '/actuator'
2026-03-09T08:28:36.749-03:00  INFO [api-gateway,,] 59365 --- [api-gateway] [           main] [                                                 ] o.s.b.web.embedded.netty.NettyWebServer  : Netty started on port 55297 (http)
2026-03-09T08:28:36.778-03:00  INFO [api-gateway,,] 59365 --- [api-gateway] [           main] [                                                 ] c.cbp.gateway.ApiGatewayApplicationTest  : Started ApiGatewayApplicationTest in 1.514 seconds (process running for 1.9)
]]></system-out>
    <system-err><![CDATA[WARNING: A Java agent has been loaded dynamically (/Users/fabian/.m2/repository/net/bytebuddy/byte-buddy-agent/1.14.19/byte-buddy-agent-1.14.19.jar)
WARNING: If a serviceability tool is in use, please run with -XX:+EnableDynamicAgentLoading to hide this warning
WARNING: If a serviceability tool is not in use, please run with -Djdk.instrument.traceUsage for more information
WARNING: Dynamic loading of agents will be disallowed by default in a future release
]]></system-err>
  </testcase>
</testsuite>